Building DAG of jobs...
Using shell: /usr/bin/bash
Provided cores: 2
Rules claiming more threads will be scaled down.
Job stats:
job               count    min threads    max threads
--------------  -------  -------------  -------------
download_fastq        1              1              1
total                 1              1              1

Select jobs to execute...

[Sun Oct 10 15:46:41 2021]
rule download_fastq:
    jobid: 0
    resources: tmpdir=/tmp

[Sun Oct 10 15:46:41 2021]
Error in rule download_fastq:
    jobid: 0
    shell:
        download_fastq.sh 3_pulses_LL605_LL607 295673483 /n/data1/bch/hemonc/camargo/li/DATA/20211010_3_pulses_cCARLIN_Tigre
        (one of the commands exited with non-zero exit code; note that snakemake uses bash strict mode!)

Shutting down, this might take some time.
Exiting because a job execution failed. Look above for error message
Complete log: /n/data1/bch/hemonc/camargo/li/my_scripts/snakeTemplate/.snakemake/log/2021-10-10T154640.607984.snakemake.log
