Building DAG of jobs...
Using shell: /usr/bin/bash
Provided cores: 2
Rules claiming more threads will be scaled down.
Job stats:
job                   count    min threads    max threads
------------------  -------  -------------  -------------
fastqc_before_pear        1              1              1
total                     1              1              1

Select jobs to execute...

[Sun Oct 10 21:29:22 2021]
rule fastqc_before_pear:
    input: /n/data1/bch/hemonc/camargo/li/DATA/20211010_3_pulses_cCARLIN_Tigre/raw_fastq/LL605-HSC_S4_L001_R1_001.fastq.gz, /n/data1/bch/hemonc/camargo/li/DATA/20211010_3_pulses_cCARLIN_Tigre/raw_fastq/LL605-HSC_S4_L001_R2_001.fastq.gz
    output: fastqc_before_pear.done
    jobid: 0
    resources: tmpdir=/tmp

Touching output file fastqc_before_pear.done.
[Sun Oct 10 21:30:09 2021]
Finished job 0.
1 of 1 steps (100%) done
Complete log: /n/data1/bch/hemonc/camargo/li/my_scripts/snakeTemplate/.snakemake/log/2021-10-10T212921.191016.snakemake.log
