Building DAG of jobs...
Using shell: /usr/bin/bash
Provided cores: 2
Rules claiming more threads will be scaled down.
Job stats:
job               count    min threads    max threads
--------------  -------  -------------  -------------
download_fastq        1              1              1
total                 1              1              1

Select jobs to execute...

[Sun Oct 10 17:54:29 2021]
rule download_fastq:
    output: download_fastq.done
    jobid: 0
    resources: tmpdir=/tmp

Touching output file download_fastq.done.
[Sun Oct 10 17:54:50 2021]
Finished job 0.
1 of 1 steps (100%) done
Complete log: /n/data1/bch/hemonc/camargo/li/my_scripts/snakeTemplate/.snakemake/log/2021-10-10T175429.040185.snakemake.log
